#
# There is insufficient memory for the Java Runtime Environment to continue.
# Native memory allocation (malloc) failed to allocate 659536 bytes for Chunk::new
# Possible reasons:
#   The system is out of physical RAM or swap space
#   In 32 bit mode, the process size limit was hit
# Possible solutions:
#   Reduce memory load on the system
#   Increase physical memory or swap space
#   Check if swap backing store is full
#   Use 64 bit Java on a 64 bit OS
#   Decrease Java heap size (-Xmx/-Xms)
#   Decrease number of Java threads
#   Decrease Java thread stack sizes (-Xss)
#   Set larger code cache with -XX:ReservedCodeCacheSize=
# This output file may be truncated or incomplete.
#
#  Out of Memory Error (allocation.cpp:390), pid=26200, tid=0x0000000000003ce4
#
# JRE version: Java(TM) SE Runtime Environment (8.0_181-b13) (build 1.8.0_181-b13)
# Java VM: Java HotSpot(TM) 64-Bit Server VM (25.181-b13 mixed mode windows-amd64 compressed oops)
# Failed to write core dump. Minidumps are not enabled by default on client versions of Windows
#

---------------  T H R E A D  ---------------

Current thread (0x000000001e200000):  JavaThread "C2 CompilerThread2" daemon [_thread_in_native, id=15588, stack(0x000000001f9f0000,0x000000001faf0000)]

Stack: [0x000000001f9f0000,0x000000001faf0000]
[error occurred during error reporting (printing stack bounds), id 0xc0000005]

Native frames: (J=compiled Java code, j=interpreted, Vv=VM code, C=native code)


Current CompileTask:
C2:  24552 6646       4       com.sun.tools.javac.parser.JavacParser::term3 (2502 bytes)


---------------  P R O C E S S  ---------------

Java Threads: ( => current thread )
  0x000000001e221000 JavaThread "Service Thread" daemon [_thread_blocked, id=3880, stack(0x000000001fbf0000,0x000000001fcf0000)]
  0x000000001e203000 JavaThread "C1 CompilerThread3" daemon [_thread_blocked, id=13784, stack(0x000000001faf0000,0x000000001fbf0000)]
=>0x000000001e200000 JavaThread "C2 CompilerThread2" daemon [_thread_in_native, id=15588, stack(0x000000001f9f0000,0x000000001faf0000)]
  0x000000001e1ff800 JavaThread "C2 CompilerThread1" daemon [_thread_in_native, id=25756, stack(0x000000001f8f0000,0x000000001f9f0000)]
  0x000000001e1f8800 JavaThread "C2 CompilerThread0" daemon [_thread_in_native, id=31772, stack(0x000000001f7f0000,0x000000001f8f0000)]
  0x000000001e1de000 JavaThread "Monitor Ctrl-Break" daemon [_thread_in_native, id=12480, stack(0x000000001f6f0000,0x000000001f7f0000)]
  0x000000001e16f000 JavaThread "Attach Listener" daemon [_thread_blocked, id=904, stack(0x000000001f5f0000,0x000000001f6f0000)]
  0x000000001e1c2000 JavaThread "Signal Dispatcher" daemon [_thread_blocked, id=18664, stack(0x000000001f4f0000,0x000000001f5f0000)]
  0x0000000002e1b800 JavaThread "Finalizer" daemon [_thread_blocked, id=12048, stack(0x000000001f3f0000,0x000000001f4f0000)]
  0x000000001ca7d000 JavaThread "Reference Handler" daemon [_thread_blocked, id=27164, stack(0x000000001f2f0000,0x000000001f3f0000)]
  0x0000000002d22800 JavaThread "main" [_thread_in_native, id=27780, stack(0x0000000002a50000,0x0000000002b50000)]

Other Threads:
  0x000000001e132800 VMThread [stack: 0x000000001f1f0000,0x000000001f2f0000] [id=29268]
  0x000000001e2bb800 WatcherThread [stack: 0x000000001fcf0000,0x000000001fdf0000] [id=31792]

VM state:not at safepoint (normal execution)

VM Mutex/Monitor currently owned by a thread: None

Heap:
 PSYoungGen      total 196608K, used 33050K [0x000000076b180000, 0x000000077d680000, 0x00000007c0000000)
  eden space 172032K, 4% used [0x000000076b180000,0x000000076b9ca628,0x0000000775980000)
  from space 24576K, 99% used [0x0000000775980000,0x000000077717c280,0x0000000777180000)
  to   space 33280K, 0% used [0x000000077b600000,0x000000077b600000,0x000000077d680000)
 ParOldGen       total 113664K, used 37113K [0x00000006c1400000, 0x00000006c8300000, 0x000000076b180000)
  object space 113664K, 32% used [0x00000006c1400000,0x00000006c383e548,0x00000006c8300000)
 Metaspace       used 26616K, capacity 27262K, committed 27568K, reserved 1073152K
  class space    used 2990K, capacity 3199K, committed 3248K, reserved 1048576K

Card table byte_map: [0x00000000121e0000,0x00000000129e0000] byte_map_base: 0x000000000ebd6000

Marking Bits: (ParMarkBitMap*) 0x000000006b372d00
 Begin Bits: [0x0000000013930000, 0x00000000178e0000)
 End Bits:   [0x00000000178e0000, 0x000000001b890000)

Polling page: 0x00000000003f0000

CodeCache: size=245760Kb used=23350Kb max_used=23350Kb free=222409Kb
 bounds [0x0000000002e20000, 0x0000000004510000, 0x0000000011e20000]
 total_blobs=6337 nmethods=5922 adapters=327
 compilation: enabled

Compilation events (10 events):
Event: 24.461 Thread 0x000000001e203000 6683       3       com.sun.tools.javac.file.Locations::isDefaultBootClassPathRtJar (17 bytes)
Event: 24.462 Thread 0x000000001e203000 nmethod 6683 0x0000000004504350 code [0x00000000045045a0, 0x00000000045053e8]
Event: 24.462 Thread 0x000000001e203000 6684       3       com.sun.tools.javac.file.Locations$BootClassPathLocationHandler::isDefaultRtJar (13 bytes)
Event: 24.463 Thread 0x000000001e203000 nmethod 6684 0x0000000004505c50 code [0x0000000004505e40, 0x00000000045067e8]
Event: 24.463 Thread 0x000000001e203000 6685  s    3       com.sun.tools.javac.file.ZipFileIndexCache::getZipFileIndex (62 bytes)
Event: 24.464 Thread 0x000000001e203000 nmethod 6685 0x0000000004506d90 code [0x0000000004506f80, 0x0000000004507bd8]
Event: 24.480 Thread 0x000000001e203000 6688       3       com.sun.tools.javac.file.ZipFileIndexArchive::<init> (15 bytes)
Event: 24.480 Thread 0x000000001e203000 nmethod 6688 0x0000000004508190 code [0x00000000045082e0, 0x00000000045084d0]
Event: 24.493 Thread 0x000000001e203000 6689       3       com.sun.tools.javac.file.ZipFileIndex$ZipDirectory::buildIndex (191 bytes)
Event: 24.495 Thread 0x000000001e203000 nmethod 6689 0x0000000004508590 code [0x00000000045088e0, 0x000000000450a3c8]

GC Heap History (10 events):
Event: 9.030 GC heap before
{Heap before GC invocations=6 (full 1):
 PSYoungGen      total 76288K, used 10732K [0x000000076b180000, 0x0000000775380000, 0x00000007c0000000)
  eden space 65536K, 0% used [0x000000076b180000,0x000000076b180000,0x000000076f180000)
  from space 10752K, 99% used [0x000000076f180000,0x000000076fbfb1f8,0x000000076fc00000)
  to   space 17408K, 0% used [0x0000000774280000,0x0000000774280000,0x0000000775380000)
 ParOldGen       total 175104K, used 9710K [0x00000006c1400000, 0x00000006cbf00000, 0x000000076b180000)
  object space 175104K, 5% used [0x00000006c1400000,0x00000006c1d7bb60,0x00000006cbf00000)
 Metaspace       used 20650K, capacity 21202K, committed 21296K, reserved 1069056K
  class space    used 2438K, capacity 2586K, committed 2608K, reserved 1048576K
Event: 9.184 GC heap after
Heap after GC invocations=6 (full 1):
 PSYoungGen      total 76288K, used 0K [0x000000076b180000, 0x0000000775380000, 0x00000007c0000000)
  eden space 65536K, 0% used [0x000000076b180000,0x000000076b180000,0x000000076f180000)
  from space 10752K, 0% used [0x000000076f180000,0x000000076f180000,0x000000076fc00000)
  to   space 17408K, 0% used [0x0000000774280000,0x0000000774280000,0x0000000775380000)
 ParOldGen       total 113664K, used 17149K [0x00000006c1400000, 0x00000006c8300000, 0x000000076b180000)
  object space 113664K, 15% used [0x00000006c1400000,0x00000006c24bf550,0x00000006c8300000)
 Metaspace       used 20650K, capacity 21202K, committed 21296K, reserved 1069056K
  class space    used 2438K, capacity 2586K, committed 2608K, reserved 1048576K
}
Event: 11.548 GC heap before
{Heap before GC invocations=7 (full 1):
 PSYoungGen      total 76288K, used 65536K [0x000000076b180000, 0x0000000775380000, 0x00000007c0000000)
  eden space 65536K, 100% used [0x000000076b180000,0x000000076f180000,0x000000076f180000)
  from space 10752K, 0% used [0x000000076f180000,0x000000076f180000,0x000000076fc00000)
  to   space 17408K, 0% used [0x0000000774280000,0x0000000774280000,0x0000000775380000)
 ParOldGen       total 113664K, used 17149K [0x00000006c1400000, 0x00000006c8300000, 0x000000076b180000)
  object space 113664K, 15% used [0x00000006c1400000,0x00000006c24bf550,0x00000006c8300000)
 Metaspace       used 22805K, capacity 23378K, committed 23600K, reserved 1071104K
  class space    used 2623K, capacity 2778K, committed 2864K, reserved 1048576K
Event: 11.570 GC heap after
Heap after GC invocations=7 (full 1):
 PSYoungGen      total 120832K, used 17399K [0x000000076b180000, 0x0000000775380000, 0x00000007c0000000)
  eden space 103424K, 0% used [0x000000076b180000,0x000000076b180000,0x0000000771680000)
  from space 17408K, 99% used [0x0000000774280000,0x000000077537dda8,0x0000000775380000)
  to   space 19456K, 0% used [0x0000000772d80000,0x0000000772d80000,0x0000000774080000)
 ParOldGen       total 113664K, used 17855K [0x00000006c1400000, 0x00000006c8300000, 0x000000076b180000)
  object space 113664K, 15% used [0x00000006c1400000,0x00000006c256fc50,0x00000006c8300000)
 Metaspace       used 22805K, capacity 23378K, committed 23600K, reserved 1071104K
  class space    used 2623K, capacity 2778K, committed 2864K, reserved 1048576K
}
Event: 11.695 GC heap before
{Heap before GC invocations=8 (full 1):
 PSYoungGen      total 120832K, used 120823K [0x000000076b180000, 0x0000000775380000, 0x00000007c0000000)
  eden space 103424K, 100% used [0x000000076b180000,0x0000000771680000,0x0000000771680000)
  from space 17408K, 99% used [0x0000000774280000,0x000000077537dda8,0x0000000775380000)
  to   space 19456K, 0% used [0x0000000772d80000,0x0000000772d80000,0x0000000774080000)
 ParOldGen       total 113664K, used 17855K [0x00000006c1400000, 0x00000006c8300000, 0x000000076b180000)
  object space 113664K, 15% used [0x00000006c1400000,0x00000006c256fc50,0x00000006c8300000)
 Metaspace       used 22812K, capacity 23378K, committed 23600K, reserved 1071104K
  class space    used 2623K, capacity 2778K, committed 2864K, reserved 1048576K
Event: 11.707 GC heap after
Heap after GC invocations=8 (full 1):
 PSYoungGen      total 146432K, used 16514K [0x000000076b180000, 0x0000000778580000, 0x00000007c0000000)
  eden space 126976K, 0% used [0x000000076b180000,0x000000076b180000,0x0000000772d80000)
  from space 19456K, 84% used [0x0000000772d80000,0x0000000773da0a18,0x0000000774080000)
  to   space 20480K, 0% used [0x0000000777180000,0x0000000777180000,0x0000000778580000)
 ParOldGen       total 113664K, used 17882K [0x00000006c1400000, 0x00000006c8300000, 0x000000076b180000)
  object space 113664K, 15% used [0x00000006c1400000,0x00000006c25768a0,0x00000006c8300000)
 Metaspace       used 22812K, capacity 23378K, committed 23600K, reserved 1071104K
  class space    used 2623K, capacity 2778K, committed 2864K, reserved 1048576K
}
Event: 14.338 GC heap before
{Heap before GC invocations=9 (full 1):
 PSYoungGen      total 146432K, used 143490K [0x000000076b180000, 0x0000000778580000, 0x00000007c0000000)
  eden space 126976K, 100% used [0x000000076b180000,0x0000000772d80000,0x0000000772d80000)
  from space 19456K, 84% used [0x0000000772d80000,0x0000000773da0a18,0x0000000774080000)
  to   space 20480K, 0% used [0x0000000777180000,0x0000000777180000,0x0000000778580000)
 ParOldGen       total 113664K, used 17882K [0x00000006c1400000, 0x00000006c8300000, 0x000000076b180000)
  object space 113664K, 15% used [0x00000006c1400000,0x00000006c25768a0,0x00000006c8300000)
 Metaspace       used 23376K, capacity 23966K, committed 24112K, reserved 1071104K
  class space    used 2673K, capacity 2850K, committed 2864K, reserved 1048576K
Event: 14.356 GC heap after
Heap after GC invocations=9 (full 1):
 PSYoungGen      total 192512K, used 20449K [0x000000076b180000, 0x000000077ae00000, 0x00000007c0000000)
  eden space 172032K, 0% used [0x000000076b180000,0x000000076b180000,0x0000000775980000)
  from space 20480K, 99% used [0x0000000777180000,0x0000000778578518,0x0000000778580000)
  to   space 24576K, 0% used [0x0000000775980000,0x0000000775980000,0x0000000777180000)
 ParOldGen       total 113664K, used 22484K [0x00000006c1400000, 0x00000006c8300000, 0x000000076b180000)
  object space 113664K, 19% used [0x00000006c1400000,0x00000006c29f5070,0x00000006c8300000)
 Metaspace       used 23376K, capacity 23966K, committed 24112K, reserved 1071104K
  class space    used 2673K, capacity 2850K, committed 2864K, reserved 1048576K
}
Event: 24.276 GC heap before
{Heap before GC invocations=10 (full 1):
 PSYoungGen      total 192512K, used 192481K [0x000000076b180000, 0x000000077ae00000, 0x00000007c0000000)
  eden space 172032K, 100% used [0x000000076b180000,0x0000000775980000,0x0000000775980000)
  from space 20480K, 99% used [0x0000000777180000,0x0000000778578518,0x0000000778580000)
  to   space 24576K, 0% used [0x0000000775980000,0x0000000775980000,0x0000000777180000)
 ParOldGen       total 113664K, used 22484K [0x00000006c1400000, 0x00000006c8300000, 0x000000076b180000)
  object space 113664K, 19% used [0x00000006c1400000,0x00000006c29f5070,0x00000006c8300000)
 Metaspace       used 26599K, capacity 27262K, committed 27568K, reserved 1073152K
  class space    used 2990K, capacity 3199K, committed 3248K, reserved 1048576K
Event: 24.321 GC heap after
Heap after GC invocations=10 (full 1):
 PSYoungGen      total 196608K, used 24560K [0x000000076b180000, 0x000000077d680000, 0x00000007c0000000)
  eden space 172032K, 0% used [0x000000076b180000,0x000000076b180000,0x0000000775980000)
  from space 24576K, 99% used [0x0000000775980000,0x000000077717c280,0x0000000777180000)
  to   space 33280K, 0% used [0x000000077b600000,0x000000077b600000,0x000000077d680000)
 ParOldGen       total 113664K, used 37113K [0x00000006c1400000, 0x00000006c8300000, 0x000000076b180000)
  object space 113664K, 32% used [0x00000006c1400000,0x00000006c383e548,0x00000006c8300000)
 Metaspace       used 26599K, capacity 27262K, committed 27568K, reserved 1073152K
  class space    used 2990K, capacity 3199K, committed 3248K, reserved 1048576K
}

Deoptimization events (10 events):
Event: 24.244 Thread 0x0000000002d22800 Uncommon trap: reason=class_check action=maybe_recompile pc=0x0000000003854aa8 method=com.sun.tools.javac.parser.JavaTokenizer.readToken()Lcom/sun/tools/javac/parser/Tokens$Token; @ 1330
Event: 24.244 Thread 0x0000000002d22800 Uncommon trap: reason=class_check action=maybe_recompile pc=0x0000000003854aa8 method=com.sun.tools.javac.parser.JavaTokenizer.readToken()Lcom/sun/tools/javac/parser/Tokens$Token; @ 1330
Event: 24.250 Thread 0x0000000002d22800 Uncommon trap: reason=class_check action=maybe_recompile pc=0x0000000003c53b68 method=com.sun.tools.javac.util.Position$LineMapImpl.build([CI)V @ 93
Event: 24.250 Thread 0x0000000002d22800 Uncommon trap: reason=unstable_if action=reinterpret pc=0x0000000003c447f8 method=com.sun.tools.javac.util.Position$LineMapImpl.build([CI)V @ 102
Event: 24.333 Thread 0x0000000002d22800 Uncommon trap: reason=class_check action=maybe_recompile pc=0x0000000003c53b68 method=com.sun.tools.javac.util.Position$LineMapImpl.build([CI)V @ 93
Event: 24.415 Thread 0x0000000002d22800 Uncommon trap: reason=predicate action=maybe_recompile pc=0x000000000342c6e8 method=java.util.ComparableTimSort.reverseRange([Ljava/lang/Object;II)V @ 8
Event: 24.415 Thread 0x0000000002d22800 Uncommon trap: reason=array_check action=maybe_recompile pc=0x000000000430db08 method=java.util.ComparableTimSort.binarySort([Ljava/lang/Object;III)V @ 193
Event: 24.416 Thread 0x0000000002d22800 Uncommon trap: reason=array_check action=maybe_recompile pc=0x000000000430db08 method=java.util.ComparableTimSort.binarySort([Ljava/lang/Object;III)V @ 193
Event: 24.416 Thread 0x0000000002d22800 Uncommon trap: reason=array_check action=maybe_recompile pc=0x000000000430db08 method=java.util.ComparableTimSort.binarySort([Ljava/lang/Object;III)V @ 193
Event: 24.417 Thread 0x0000000002d22800 Uncommon trap: reason=array_check action=maybe_recompile pc=0x0000000002fd2acc method=java.util.ComparableTimSort.binarySort([Ljava/lang/Object;III)V @ 215

Classes redefined (0 events):
No events

Internal exceptions (10 events):
Event: 24.198 Thread 0x0000000002d22800 Exception <a 'java/security/PrivilegedActionException'> (0x00000007757cd240) thrown at [C:\re\workspace\8-2-build-windows-amd64-cygwin\jdk8u181\11358\hotspot\src\share\vm\prims\jvm.cpp, line 1435]
Event: 24.198 Thread 0x0000000002d22800 Exception <a 'java/security/PrivilegedActionException'> (0x00000007757cd638) thrown at [C:\re\workspace\8-2-build-windows-amd64-cygwin\jdk8u181\11358\hotspot\src\share\vm\prims\jvm.cpp, line 1435]
Event: 24.201 Thread 0x0000000002d22800 Exception <a 'java/security/PrivilegedActionException'> (0x00000007757e9f28) thrown at [C:\re\workspace\8-2-build-windows-amd64-cygwin\jdk8u181\11358\hotspot\src\share\vm\prims\jvm.cpp, line 1435]
Event: 24.201 Thread 0x0000000002d22800 Exception <a 'java/security/PrivilegedActionException'> (0x00000007757ea320) thrown at [C:\re\workspace\8-2-build-windows-amd64-cygwin\jdk8u181\11358\hotspot\src\share\vm\prims\jvm.cpp, line 1435]
Event: 24.201 Thread 0x0000000002d22800 Exception <a 'java/security/PrivilegedActionException'> (0x00000007757eb5f8) thrown at [C:\re\workspace\8-2-build-windows-amd64-cygwin\jdk8u181\11358\hotspot\src\share\vm\prims\jvm.cpp, line 1435]
Event: 24.201 Thread 0x0000000002d22800 Exception <a 'java/security/PrivilegedActionException'> (0x00000007757eb9f0) thrown at [C:\re\workspace\8-2-build-windows-amd64-cygwin\jdk8u181\11358\hotspot\src\share\vm\prims\jvm.cpp, line 1435]
Event: 24.398 Thread 0x0000000002d22800 Exception <a 'java/io/FileNotFoundException'> (0x000000076b3b4180) thrown at [C:\re\workspace\8-2-build-windows-amd64-cygwin\jdk8u181\11358\hotspot\src\share\vm\prims\jni.cpp, line 709]
Event: 24.404 Thread 0x0000000002d22800 Exception <a 'java/io/FileNotFoundException'> (0x000000076b3b5880) thrown at [C:\re\workspace\8-2-build-windows-amd64-cygwin\jdk8u181\11358\hotspot\src\share\vm\prims\jni.cpp, line 709]
Event: 24.455 Thread 0x0000000002d22800 Exception <a 'java/io/FileNotFoundException'> (0x000000076b6a4900) thrown at [C:\re\workspace\8-2-build-windows-amd64-cygwin\jdk8u181\11358\hotspot\src\share\vm\prims\jni.cpp, line 709]
Event: 24.456 Thread 0x0000000002d22800 Exception <a 'java/io/FileNotFoundException'> (0x000000076b6a5938) thrown at [C:\re\workspace\8-2-build-windows-amd64-cygwin\jdk8u181\11358\hotspot\src\share\vm\prims\jni.cpp, line 709]

Events (10 events):
Event: 24.492 Thread 0x0000000002d22800 DEOPT PACKING pc=0x00000000030b2bc7 sp=0x0000000002b4ce20
Event: 24.492 Thread 0x0000000002d22800 DEOPT UNPACKING pc=0x0000000002e67890 sp=0x0000000002b4cc48 mode 0
Event: 24.496 Thread 0x0000000002d22800 DEOPT PACKING pc=0x00000000030b2bc7 sp=0x0000000002b4cdc0
Event: 24.496 Thread 0x0000000002d22800 DEOPT UNPACKING pc=0x0000000002e67890 sp=0x0000000002b4cbc8 mode 0
Event: 24.502 Thread 0x0000000002d22800 DEOPT PACKING pc=0x00000000030b2bc7 sp=0x0000000002b4cdc0
Event: 24.502 Thread 0x0000000002d22800 DEOPT UNPACKING pc=0x0000000002e67890 sp=0x0000000002b4cbc8 mode 0
Event: 24.504 Thread 0x0000000002d22800 DEOPT PACKING pc=0x00000000030b2bfa sp=0x0000000002b4cdc0
Event: 24.505 Thread 0x0000000002d22800 DEOPT UNPACKING pc=0x0000000002e67890 sp=0x0000000002b4cbc8 mode 0
Event: 24.513 Thread 0x0000000002d22800 DEOPT PACKING pc=0x00000000030b2bc7 sp=0x0000000002b4cdc0
Event: 24.513 Thread 0x0000000002d22800 DEOPT UNPACKING pc=0x0000000002e67890 sp=0x0000000002b4cbc8 mode 0


Dynamic libraries:
0x00007ff7cfab0000 - 0x00007ff7cfae7000 	D:\java\java8\jdk1.8.0_181\bin\java.exe
0x00007fff25ad0000 - 0x00007fff25cc6000 	C:\WINDOWS\SYSTEM32\ntdll.dll
0x00007fff249b0000 - 0x00007fff24a6d000 	C:\WINDOWS\System32\KERNEL32.DLL
0x00007fff23370000 - 0x00007fff23639000 	C:\WINDOWS\System32\KERNELBASE.dll
0x00007fff24ae0000 - 0x00007fff24b8c000 	C:\WINDOWS\System32\ADVAPI32.dll
0x00007fff245e0000 - 0x00007fff2467e000 	C:\WINDOWS\System32\msvcrt.dll
0x00007fff24790000 - 0x00007fff2482c000 	C:\WINDOWS\System32\sechost.dll
0x00007fff24880000 - 0x00007fff249ab000 	C:\WINDOWS\System32\RPCRT4.dll
0x00007fff25480000 - 0x00007fff25620000 	C:\WINDOWS\System32\USER32.dll
0x00007fff23970000 - 0x00007fff23992000 	C:\WINDOWS\System32\win32u.dll
0x00007fff25120000 - 0x00007fff2514a000 	C:\WINDOWS\System32\GDI32.dll
0x00007fff23860000 - 0x00007fff2396b000 	C:\WINDOWS\System32\gdi32full.dll
0x00007fff23640000 - 0x00007fff236dd000 	C:\WINDOWS\System32\msvcp_win.dll
0x00007fff236e0000 - 0x00007fff237e0000 	C:\WINDOWS\System32\ucrtbase.dll
0x00007fff15f40000 - 0x00007fff161db000 	C:\WINDOWS\WinSxS\amd64_microsoft.windows.common-controls_6595b64144ccf1df_6.0.19041.746_none_ca02b4b61b8320a4\COMCTL32.dll
0x00007fff24850000 - 0x00007fff24880000 	C:\WINDOWS\System32\IMM32.DLL
0x000000006b8a0000 - 0x000000006b972000 	D:\java\java8\jdk1.8.0_181\jre\bin\msvcr100.dll
0x000000006ab50000 - 0x000000006b3f2000 	D:\java\java8\jdk1.8.0_181\jre\bin\server\jvm.dll
0x00007fff25470000 - 0x00007fff25478000 	C:\WINDOWS\System32\PSAPI.DLL
0x00007fff1e200000 - 0x00007fff1e209000 	C:\WINDOWS\SYSTEM32\WSOCK32.dll
0x00007fff16f60000 - 0x00007fff16f87000 	C:\WINDOWS\SYSTEM32\WINMM.dll
0x00007fff1c3b0000 - 0x00007fff1c3ba000 	C:\WINDOWS\SYSTEM32\VERSION.dll
0x00007fff24b90000 - 0x00007fff24bfb000 	C:\WINDOWS\System32\WS2_32.dll
0x000000006bb90000 - 0x000000006bb9f000 	D:\java\java8\jdk1.8.0_181\jre\bin\verify.dll
0x000000006b870000 - 0x000000006b899000 	D:\java\java8\jdk1.8.0_181\jre\bin\java.dll
0x0000000069fb0000 - 0x0000000069fd3000 	D:\java\java8\jdk1.8.0_181\jre\bin\instrument.dll
0x000000006b850000 - 0x000000006b866000 	D:\java\java8\jdk1.8.0_181\jre\bin\zip.dll
0x00007fff23b30000 - 0x00007fff24273000 	C:\WINDOWS\System32\SHELL32.dll
0x00007fff21330000 - 0x00007fff21abf000 	C:\WINDOWS\SYSTEM32\windows.storage.dll
0x00007fff24280000 - 0x00007fff245d6000 	C:\WINDOWS\System32\combase.dll
0x00007fff22c00000 - 0x00007fff22c2c000 	C:\WINDOWS\SYSTEM32\Wldp.dll
0x00007fff24c70000 - 0x00007fff24d1e000 	C:\WINDOWS\System32\SHCORE.dll
0x00007fff24a70000 - 0x00007fff24ac5000 	C:\WINDOWS\System32\shlwapi.dll
0x00007fff23140000 - 0x00007fff23166000 	C:\WINDOWS\SYSTEM32\profapi.dll
0x00007fff1ac50000 - 0x00007fff1ac6a000 	D:\software\idea\IntelliJ IDEA 2019.3.1\bin\breakgen64.dll
0x000000006b830000 - 0x000000006b84a000 	D:\java\java8\jdk1.8.0_181\jre\bin\net.dll
0x00007fff22920000 - 0x00007fff2298a000 	C:\WINDOWS\system32\mswsock.dll
0x00007fff22af0000 - 0x00007fff22b08000 	C:\WINDOWS\SYSTEM32\CRYPTSP.dll
0x00007fff222c0000 - 0x00007fff222f4000 	C:\WINDOWS\system32\rsaenh.dll
0x00007fff23a50000 - 0x00007fff23a77000 	C:\WINDOWS\System32\bcrypt.dll
0x00007fff23100000 - 0x00007fff2312e000 	C:\WINDOWS\SYSTEM32\USERENV.dll
0x00007fff237e0000 - 0x00007fff23860000 	C:\WINDOWS\System32\bcryptprimitives.dll
0x00007fff22b10000 - 0x00007fff22b1c000 	C:\WINDOWS\SYSTEM32\CRYPTBASE.dll
0x00007fff22610000 - 0x00007fff2264b000 	C:\WINDOWS\SYSTEM32\IPHLPAPI.DLL
0x00007fff24ad0000 - 0x00007fff24ad8000 	C:\WINDOWS\System32\NSI.dll
0x00007fff17cd0000 - 0x00007fff17ce7000 	C:\WINDOWS\SYSTEM32\dhcpcsvc6.DLL
0x00007fff17cb0000 - 0x00007fff17ccd000 	C:\WINDOWS\SYSTEM32\dhcpcsvc.DLL
0x00007fff22650000 - 0x00007fff2271b000 	C:\WINDOWS\SYSTEM32\DNSAPI.dll
0x000000006b710000 - 0x000000006b721000 	D:\java\java8\jdk1.8.0_181\jre\bin\nio.dll
0x00007fff1ea60000 - 0x00007fff1ea6a000 	C:\Users\战士李昕昊\AppData\Local\Temp\jansi-1.17.1-247962050198840315.dll
0x00007fff1c310000 - 0x00007fff1c31a000 	C:\Users\战士李昕昊\AppData\Local\Temp\jansi-1.17.1-6719320128059170028.dll

VM Arguments:
jvm_args: -Dmaven.multiModuleProjectDirectory=D:\Desktop\aaa\GiftCircle_Service -Dmaven.home=D:\maven\apache-maven-3.6.3 -Dclassworlds.conf=D:\maven\apache-maven-3.6.3\bin\m2.conf -Dmaven.ext.class.path=D:\software\idea\IntelliJ IDEA 2019.3.1\plugins\maven\lib\maven-event-listener.jar -javaagent:D:\software\idea\IntelliJ IDEA 2019.3.1\lib\idea_rt.jar=57565:D:\software\idea\IntelliJ IDEA 2019.3.1\bin -Dfile.encoding=UTF-8 
java_command: org.codehaus.classworlds.Launcher -Didea.version2019.3.1 -s D:\maven\apache-maven-3.6.3\conf\settings.xml -Dmaven.repo.local=D:\repository package
java_class_path (initial): D:\maven\apache-maven-3.6.3\boot\plexus-classworlds-2.6.0.jar;D:\maven\apache-maven-3.6.3\boot\plexus-classworlds.license;D:\software\idea\IntelliJ IDEA 2019.3.1\lib\idea_rt.jar
Launcher Type: SUN_STANDARD

Environment Variables:
JAVA_HOME=D:\java\java8\jdk1.8.0_181
PATH=D:\java\java8\jdk1.8.0_181\bin;C:\Program Files\NVIDIA Corporation\NVIDIA NvDLISR;C:\Windows\system32;C:\Windows;C:\Windows\System32\Wbem;C:\Windows\System32\WindowsPowerShell\v1.0\;C:\Windows\System32\OpenSSH\;C:\Program Files (x86)\NVIDIA Corporation\PhysX\Common;D:\maven\apache-maven-3.6.3\bin;C:\Program Files\TortoiseGit\bin;C:\WINDOWS\system32;C:\WINDOWS;C:\WINDOWS\System32\Wbem;C:\WINDOWS\System32\WindowsPowerShell\v1.0\;C:\WINDOWS\System32\OpenSSH\;D:\software\OpenSSL-Win64\OpenSSL-Win64\bin;D:\node.js\;C:\ProgramData\chocolatey\bin;D:\python27;D:\software\redis\;%OPENSSL_HOME%;C:\Users\战士李昕昊\AppData\Local\Microsoft\WindowsApps;D:\software\idea\IntelliJ IDEA 2019.3.1\bin;;C:\Program Files\Bandizip\;C:\Users\战士李昕昊\AppData\Roaming\npm;D:\software\redis;
USERNAME=战士李昕昊
OS=Windows_NT
PROCESSOR_IDENTIFIER=Intel64 Family 6 Model 158 Stepping 10, GenuineIntel



---------------  S Y S T E M  ---------------

OS: Windows 10.0 , 64 bit Build 19041 (10.0.19041.662)

CPU:total 12 (initial active 12) (6 cores per cpu, 2 threads per core) family 6 model 158 stepping 10, cmov, cx8, fxsr, mmx, sse, sse2, sse3, ssse3, sse4.1, sse4.2, popcnt, avx, avx2, aes, clmul, erms, 3dnowpref, lzcnt, ht, tsc, tscinvbit, bmi1, bmi2, adx

Memory: 4k page, physical 16694516k(1386264k free), swap 29730528k(10428k free)

vm_info: Java HotSpot(TM) 64-Bit Server VM (25.181-b13) for windows-amd64 JRE (1.8.0_181-b13), built on Jul  7 2018 04:01:33 by "java_re" with MS VC++ 10.0 (VS2010)

time: Fri Jan 22 15:07:56 2021
elapsed time: 24 seconds (0d 0h 0m 24s)

